2015/02/15 09:52:06 [error] [exception.CHttpException.404] exception 'CHttpException' with message 'The system is unable to find the requested action "dashboard".' in D:\Projects\PentaCode\BIS\yii\framework\web\CController.php:483
Stack trace:
#0 D:\Projects\PentaCode\BIS\yii\framework\web\CController.php(270): CController->missingAction('dashboard')
#1 D:\Projects\PentaCode\BIS\yii\framework\web\CWebApplication.php(282): CController->run('dashboard')
#2 D:\Projects\PentaCode\BIS\yii\framework\web\CWebApplication.php(141): CWebApplication->runController('personalInfo/da...')
#3 D:\Projects\PentaCode\BIS\yii\framework\base\CApplication.php(180): CWebApplication->processRequest()
#4 D:\Projects\PentaCode\BIS\bis\index.php(13): CApplication->run()
#5 {main}
REQUEST_URI=/bis/index.php?r=personalInfo/dashboard
HTTP_REFERER=http://localhost/bis/index.php?r=site/page&view=links
---
2015/02/15 09:52:07 [error] [exception.CHttpException.404] exception 'CHttpException' with message 'The system is unable to find the requested action "dashboard".' in D:\Projects\PentaCode\BIS\yii\framework\web\CController.php:483
Stack trace:
#0 D:\Projects\PentaCode\BIS\yii\framework\web\CController.php(270): CController->missingAction('dashboard')
#1 D:\Projects\PentaCode\BIS\yii\framework\web\CWebApplication.php(282): CController->run('dashboard')
#2 D:\Projects\PentaCode\BIS\yii\framework\web\CWebApplication.php(141): CWebApplication->runController('personalInfo/da...')
#3 D:\Projects\PentaCode\BIS\yii\framework\base\CApplication.php(180): CWebApplication->processRequest()
#4 D:\Projects\PentaCode\BIS\bis\index.php(13): CApplication->run()
#5 {main}
REQUEST_URI=/bis/index.php?r=personalInfo/dashboard
HTTP_REFERER=http://localhost/bis/index.php?r=site/page&view=download
---
2015/02/15 09:54:28 [error] [exception.CHttpException.404] exception 'CHttpException' with message 'The system is unable to find the requested action "dashboard".' in D:\Projects\PentaCode\BIS\yii\framework\web\CController.php:483
Stack trace:
#0 D:\Projects\PentaCode\BIS\yii\framework\web\CController.php(270): CController->missingAction('dashboard')
#1 D:\Projects\PentaCode\BIS\yii\framework\web\CWebApplication.php(282): CController->run('dashboard')
#2 D:\Projects\PentaCode\BIS\yii\framework\web\CWebApplication.php(141): CWebApplication->runController('personalInfo/da...')
#3 D:\Projects\PentaCode\BIS\yii\framework\base\CApplication.php(180): CWebApplication->processRequest()
#4 D:\Projects\PentaCode\BIS\bis\index.php(13): CApplication->run()
#5 {main}
REQUEST_URI=/bis/index.php?r=personalInfo/dashboard
HTTP_REFERER=http://localhost/bis/index.php?r=site/page&view=download
---
2015/02/15 09:55:12 [error] [exception.CHttpException.404] exception 'CHttpException' with message 'The system is unable to find the requested action "dashboard".' in D:\Projects\PentaCode\BIS\yii\framework\web\CController.php:483
Stack trace:
#0 D:\Projects\PentaCode\BIS\yii\framework\web\CController.php(270): CController->missingAction('dashboard')
#1 D:\Projects\PentaCode\BIS\yii\framework\web\CWebApplication.php(282): CController->run('dashboard')
#2 D:\Projects\PentaCode\BIS\yii\framework\web\CWebApplication.php(141): CWebApplication->runController('personalInfo/da...')
#3 D:\Projects\PentaCode\BIS\yii\framework\base\CApplication.php(180): CWebApplication->processRequest()
#4 D:\Projects\PentaCode\BIS\bis\index.php(13): CApplication->run()
#5 {main}
REQUEST_URI=/bis/index.php?r=personalInfo/dashboard
HTTP_REFERER=http://localhost/bis/index.php?r=site/page&view=download
---
2015/02/15 09:55:13 [error] [exception.CHttpException.403] exception 'CHttpException' with message 'You are not authorized to perform this action.' in D:\Projects\PentaCode\BIS\yii\framework\web\auth\CAccessControlFilter.php:182
Stack trace:
#0 D:\Projects\PentaCode\BIS\yii\framework\web\auth\CAccessControlFilter.php(145): CAccessControlFilter->accessDenied(Object(CWebUser), 'You are not aut...')
#1 D:\Projects\PentaCode\BIS\yii\framework\web\filters\CFilter.php(38): CAccessControlFilter->preFilter(Object(CFilterChain))
#2 D:\Projects\PentaCode\BIS\yii\framework\web\CController.php(1145): CFilter->filter(Object(CFilterChain))
#3 D:\Projects\PentaCode\BIS\yii\framework\web\filters\CInlineFilter.php(58): CController->filterAccessControl(Object(CFilterChain))
#4 D:\Projects\PentaCode\BIS\yii\framework\web\filters\CFilterChain.php(130): CInlineFilter->filter(Object(CFilterChain))
#5 D:\Projects\PentaCode\BIS\yii\framework\web\CController.php(291): CFilterChain->run()
#6 D:\Projects\PentaCode\BIS\yii\framework\web\CController.php(265): CController->runActionWithFilters(Object(CInlineAction), Array)
#7 D:\Projects\PentaCode\BIS\yii\framework\web\CWebApplication.php(282): CController->run('admin')
#8 D:\Projects\PentaCode\BIS\yii\framework\web\CWebApplication.php(141): CWebApplication->runController('personalInfo/ad...')
#9 D:\Projects\PentaCode\BIS\yii\framework\base\CApplication.php(180): CWebApplication->processRequest()
#10 D:\Projects\PentaCode\BIS\bis\index.php(13): CApplication->run()
#11 {main}
REQUEST_URI=/bis/index.php?r=personalInfo/admin
HTTP_REFERER=http://localhost/bis/index.php?r=personalInfo/dashboard
---
2015/02/15 10:00:42 [error] [exception.CHttpException.404] exception 'CHttpException' with message 'The system is unable to find the requested action "dashboard".' in D:\Projects\PentaCode\BIS\yii\framework\web\CController.php:483
Stack trace:
#0 D:\Projects\PentaCode\BIS\yii\framework\web\CController.php(270): CController->missingAction('dashboard')
#1 D:\Projects\PentaCode\BIS\yii\framework\web\CWebApplication.php(282): CController->run('dashboard')
#2 D:\Projects\PentaCode\BIS\yii\framework\web\CWebApplication.php(141): CWebApplication->runController('personalInfo/da...')
#3 D:\Projects\PentaCode\BIS\yii\framework\base\CApplication.php(180): CWebApplication->processRequest()
#4 D:\Projects\PentaCode\BIS\bis\index.php(13): CApplication->run()
#5 {main}
REQUEST_URI=/bis/index.php?r=personalInfo/dashboard
HTTP_REFERER=http://localhost/bis/index.php?r=site/index
---
2015/02/15 10:00:43 [error] [exception.CHttpException.403] exception 'CHttpException' with message 'You are not authorized to perform this action.' in D:\Projects\PentaCode\BIS\yii\framework\web\auth\CAccessControlFilter.php:182
Stack trace:
#0 D:\Projects\PentaCode\BIS\yii\framework\web\auth\CAccessControlFilter.php(145): CAccessControlFilter->accessDenied(Object(CWebUser), 'You are not aut...')
#1 D:\Projects\PentaCode\BIS\yii\framework\web\filters\CFilter.php(38): CAccessControlFilter->preFilter(Object(CFilterChain))
#2 D:\Projects\PentaCode\BIS\yii\framework\web\CController.php(1145): CFilter->filter(Object(CFilterChain))
#3 D:\Projects\PentaCode\BIS\yii\framework\web\filters\CInlineFilter.php(58): CController->filterAccessControl(Object(CFilterChain))
#4 D:\Projects\PentaCode\BIS\yii\framework\web\filters\CFilterChain.php(130): CInlineFilter->filter(Object(CFilterChain))
#5 D:\Projects\PentaCode\BIS\yii\framework\web\CController.php(291): CFilterChain->run()
#6 D:\Projects\PentaCode\BIS\yii\framework\web\CController.php(265): CController->runActionWithFilters(Object(CInlineAction), Array)
#7 D:\Projects\PentaCode\BIS\yii\framework\web\CWebApplication.php(282): CController->run('admin')
#8 D:\Projects\PentaCode\BIS\yii\framework\web\CWebApplication.php(141): CWebApplication->runController('personalInfo/ad...')
#9 D:\Projects\PentaCode\BIS\yii\framework\base\CApplication.php(180): CWebApplication->processRequest()
#10 D:\Projects\PentaCode\BIS\bis\index.php(13): CApplication->run()
#11 {main}
REQUEST_URI=/bis/index.php?r=personalInfo/admin
HTTP_REFERER=http://localhost/bis/index.php?r=personalInfo/dashboard
---
2015/02/15 10:19:41 [error] [exception.CException] exception 'CException' with message 'CAssetManager.basePath "D:\Projects\PentaCode\BIS\bis\assets" is invalid. Please make sure the directory exists and is writable by the Web server process.' in D:\Projects\PentaCode\BIS\yii\framework\web\CAssetManager.php:138
Stack trace:
#0 D:\Projects\PentaCode\BIS\yii\framework\web\CAssetManager.php(123): CAssetManager->setBasePath('D:\Projects\Pen...')
#1 D:\Projects\PentaCode\BIS\yii\framework\web\CAssetManager.php(217): CAssetManager->getBasePath()
#2 D:\Projects\PentaCode\BIS\yii\framework\web\CClientScript.php(510): CAssetManager->publish('D:\Projects\Pen...')
#3 D:\Projects\PentaCode\BIS\yii\framework\web\CClientScript.php(547): CClientScript->getCoreScriptUrl()
#4 D:\Projects\PentaCode\BIS\yii\framework\web\CClientScript.php(348): CClientScript->getPackageBaseUrl('jquery')
#5 D:\Projects\PentaCode\BIS\yii\framework\web\CClientScript.php(208): CClientScript->renderCoreScripts()
#6 D:\Projects\PentaCode\BIS\yii\framework\web\CController.php(351): CClientScript->render('<!DOCTYPE html>...')
#7 D:\Projects\PentaCode\BIS\yii\framework\web\CController.php(788): CController->processOutput('<!DOCTYPE html>...')
#8 D:\Projects\PentaCode\BIS\bis\protected\controllers\SiteController.php(98): CController->render('login', Array)
#9 D:\Projects\PentaCode\BIS\yii\framework\web\actions\CInlineAction.php(49): SiteController->actionLogin()
#10 D:\Projects\PentaCode\BIS\yii\framework\web\CController.php(308): CInlineAction->runWithParams(Array)
#11 D:\Projects\PentaCode\BIS\yii\framework\web\CController.php(286): CController->runAction(Object(CInlineAction))
#12 D:\Projects\PentaCode\BIS\yii\framework\web\CController.php(265): CController->runActionWithFilters(Object(CInlineAction), Array)
#13 D:\Projects\PentaCode\BIS\yii\framework\web\CWebApplication.php(282): CController->run('login')
#14 D:\Projects\PentaCode\BIS\yii\framework\web\CWebApplication.php(141): CWebApplication->runController('site/login')
#15 D:\Projects\PentaCode\BIS\yii\framework\base\CApplication.php(180): CWebApplication->processRequest()
#16 D:\Projects\PentaCode\BIS\bis\index.php(13): CApplication->run()
#17 {main}
REQUEST_URI=/bis/index.php?r=site/login
HTTP_REFERER=http://localhost/bis/index.php?r=personalInfo/dashboard
---
2015/02/15 10:19:46 [error] [exception.CException] exception 'CException' with message 'CAssetManager.basePath "D:\Projects\PentaCode\BIS\bis\assets" is invalid. Please make sure the directory exists and is writable by the Web server process.' in D:\Projects\PentaCode\BIS\yii\framework\web\CAssetManager.php:138
Stack trace:
#0 D:\Projects\PentaCode\BIS\yii\framework\web\CAssetManager.php(123): CAssetManager->setBasePath('D:\Projects\Pen...')
#1 D:\Projects\PentaCode\BIS\yii\framework\web\CAssetManager.php(217): CAssetManager->getBasePath()
#2 D:\Projects\PentaCode\BIS\yii\framework\web\CClientScript.php(510): CAssetManager->publish('D:\Projects\Pen...')
#3 D:\Projects\PentaCode\BIS\yii\framework\web\CClientScript.php(547): CClientScript->getCoreScriptUrl()
#4 D:\Projects\PentaCode\BIS\yii\framework\web\CClientScript.php(348): CClientScript->getPackageBaseUrl('jquery')
#5 D:\Projects\PentaCode\BIS\yii\framework\web\CClientScript.php(208): CClientScript->renderCoreScripts()
#6 D:\Projects\PentaCode\BIS\yii\framework\web\CController.php(351): CClientScript->render('<!DOCTYPE html>...')
#7 D:\Projects\PentaCode\BIS\yii\framework\web\CController.php(788): CController->processOutput('<!DOCTYPE html>...')
#8 D:\Projects\PentaCode\BIS\bis\protected\controllers\SiteController.php(98): CController->render('login', Array)
#9 D:\Projects\PentaCode\BIS\yii\framework\web\actions\CInlineAction.php(49): SiteController->actionLogin()
#10 D:\Projects\PentaCode\BIS\yii\framework\web\CController.php(308): CInlineAction->runWithParams(Array)
#11 D:\Projects\PentaCode\BIS\yii\framework\web\CController.php(286): CController->runAction(Object(CInlineAction))
#12 D:\Projects\PentaCode\BIS\yii\framework\web\CController.php(265): CController->runActionWithFilters(Object(CInlineAction), Array)
#13 D:\Projects\PentaCode\BIS\yii\framework\web\CWebApplication.php(282): CController->run('login')
#14 D:\Projects\PentaCode\BIS\yii\framework\web\CWebApplication.php(141): CWebApplication->runController('site/login')
#15 D:\Projects\PentaCode\BIS\yii\framework\base\CApplication.php(180): CWebApplication->processRequest()
#16 D:\Projects\PentaCode\BIS\bis\index.php(13): CApplication->run()
#17 {main}
REQUEST_URI=/bis/index.php?r=site/login
HTTP_REFERER=http://localhost/bis/index.php?r=personalInfo/dashboard
---
2015/02/15 10:19:47 [error] [exception.CException] exception 'CException' with message 'CAssetManager.basePath "D:\Projects\PentaCode\BIS\bis\assets" is invalid. Please make sure the directory exists and is writable by the Web server process.' in D:\Projects\PentaCode\BIS\yii\framework\web\CAssetManager.php:138
Stack trace:
#0 D:\Projects\PentaCode\BIS\yii\framework\web\CAssetManager.php(123): CAssetManager->setBasePath('D:\Projects\Pen...')
#1 D:\Projects\PentaCode\BIS\yii\framework\web\CAssetManager.php(217): CAssetManager->getBasePath()
#2 D:\Projects\PentaCode\BIS\yii\framework\web\CClientScript.php(510): CAssetManager->publish('D:\Projects\Pen...')
#3 D:\Projects\PentaCode\BIS\yii\framework\web\CClientScript.php(547): CClientScript->getCoreScriptUrl()
#4 D:\Projects\PentaCode\BIS\yii\framework\web\CClientScript.php(348): CClientScript->getPackageBaseUrl('jquery')
#5 D:\Projects\PentaCode\BIS\yii\framework\web\CClientScript.php(208): CClientScript->renderCoreScripts()
#6 D:\Projects\PentaCode\BIS\yii\framework\web\CController.php(351): CClientScript->render('<!DOCTYPE html>...')
#7 D:\Projects\PentaCode\BIS\yii\framework\web\CController.php(788): CController->processOutput('<!DOCTYPE html>...')
#8 D:\Projects\PentaCode\BIS\bis\protected\controllers\SiteController.php(98): CController->render('login', Array)
#9 D:\Projects\PentaCode\BIS\yii\framework\web\actions\CInlineAction.php(49): SiteController->actionLogin()
#10 D:\Projects\PentaCode\BIS\yii\framework\web\CController.php(308): CInlineAction->runWithParams(Array)
#11 D:\Projects\PentaCode\BIS\yii\framework\web\CController.php(286): CController->runAction(Object(CInlineAction))
#12 D:\Projects\PentaCode\BIS\yii\framework\web\CController.php(265): CController->runActionWithFilters(Object(CInlineAction), Array)
#13 D:\Projects\PentaCode\BIS\yii\framework\web\CWebApplication.php(282): CController->run('login')
#14 D:\Projects\PentaCode\BIS\yii\framework\web\CWebApplication.php(141): CWebApplication->runController('site/login')
#15 D:\Projects\PentaCode\BIS\yii\framework\base\CApplication.php(180): CWebApplication->processRequest()
#16 D:\Projects\PentaCode\BIS\bis\index.php(13): CApplication->run()
#17 {main}
REQUEST_URI=/bis/index.php?r=site/login
HTTP_REFERER=http://localhost/bis/index.php?r=personalInfo/dashboard
---
2015/02/15 10:19:47 [error] [exception.CException] exception 'CException' with message 'CAssetManager.basePath "D:\Projects\PentaCode\BIS\bis\assets" is invalid. Please make sure the directory exists and is writable by the Web server process.' in D:\Projects\PentaCode\BIS\yii\framework\web\CAssetManager.php:138
Stack trace:
#0 D:\Projects\PentaCode\BIS\yii\framework\web\CAssetManager.php(123): CAssetManager->setBasePath('D:\Projects\Pen...')
#1 D:\Projects\PentaCode\BIS\yii\framework\web\CAssetManager.php(217): CAssetManager->getBasePath()
#2 D:\Projects\PentaCode\BIS\yii\framework\web\CClientScript.php(510): CAssetManager->publish('D:\Projects\Pen...')
#3 D:\Projects\PentaCode\BIS\yii\framework\web\CClientScript.php(547): CClientScript->getCoreScriptUrl()
#4 D:\Projects\PentaCode\BIS\yii\framework\web\CClientScript.php(348): CClientScript->getPackageBaseUrl('jquery')
#5 D:\Projects\PentaCode\BIS\yii\framework\web\CClientScript.php(208): CClientScript->renderCoreScripts()
#6 D:\Projects\PentaCode\BIS\yii\framework\web\CController.php(351): CClientScript->render('<!DOCTYPE html>...')
#7 D:\Projects\PentaCode\BIS\yii\framework\web\CController.php(788): CController->processOutput('<!DOCTYPE html>...')
#8 D:\Projects\PentaCode\BIS\bis\protected\controllers\SiteController.php(98): CController->render('login', Array)
#9 D:\Projects\PentaCode\BIS\yii\framework\web\actions\CInlineAction.php(49): SiteController->actionLogin()
#10 D:\Projects\PentaCode\BIS\yii\framework\web\CController.php(308): CInlineAction->runWithParams(Array)
#11 D:\Projects\PentaCode\BIS\yii\framework\web\CController.php(286): CController->runAction(Object(CInlineAction))
#12 D:\Projects\PentaCode\BIS\yii\framework\web\CController.php(265): CController->runActionWithFilters(Object(CInlineAction), Array)
#13 D:\Projects\PentaCode\BIS\yii\framework\web\CWebApplication.php(282): CController->run('login')
#14 D:\Projects\PentaCode\BIS\yii\framework\web\CWebApplication.php(141): CWebApplication->runController('site/login')
#15 D:\Projects\PentaCode\BIS\yii\framework\base\CApplication.php(180): CWebApplication->processRequest()
#16 D:\Projects\PentaCode\BIS\bis\index.php(13): CApplication->run()
#17 {main}
REQUEST_URI=/bis/index.php?r=site/login
HTTP_REFERER=http://localhost/bis/index.php?r=personalInfo/dashboard
---
2015/02/15 10:19:47 [error] [exception.CException] exception 'CException' with message 'CAssetManager.basePath "D:\Projects\PentaCode\BIS\bis\assets" is invalid. Please make sure the directory exists and is writable by the Web server process.' in D:\Projects\PentaCode\BIS\yii\framework\web\CAssetManager.php:138
Stack trace:
#0 D:\Projects\PentaCode\BIS\yii\framework\web\CAssetManager.php(123): CAssetManager->setBasePath('D:\Projects\Pen...')
#1 D:\Projects\PentaCode\BIS\yii\framework\web\CAssetManager.php(217): CAssetManager->getBasePath()
#2 D:\Projects\PentaCode\BIS\yii\framework\web\CClientScript.php(510): CAssetManager->publish('D:\Projects\Pen...')
#3 D:\Projects\PentaCode\BIS\yii\framework\web\CClientScript.php(547): CClientScript->getCoreScriptUrl()
#4 D:\Projects\PentaCode\BIS\yii\framework\web\CClientScript.php(348): CClientScript->getPackageBaseUrl('jquery')
#5 D:\Projects\PentaCode\BIS\yii\framework\web\CClientScript.php(208): CClientScript->renderCoreScripts()
#6 D:\Projects\PentaCode\BIS\yii\framework\web\CController.php(351): CClientScript->render('<!DOCTYPE html>...')
#7 D:\Projects\PentaCode\BIS\yii\framework\web\CController.php(788): CController->processOutput('<!DOCTYPE html>...')
#8 D:\Projects\PentaCode\BIS\bis\protected\controllers\SiteController.php(98): CController->render('login', Array)
#9 D:\Projects\PentaCode\BIS\yii\framework\web\actions\CInlineAction.php(49): SiteController->actionLogin()
#10 D:\Projects\PentaCode\BIS\yii\framework\web\CController.php(308): CInlineAction->runWithParams(Array)
#11 D:\Projects\PentaCode\BIS\yii\framework\web\CController.php(286): CController->runAction(Object(CInlineAction))
#12 D:\Projects\PentaCode\BIS\yii\framework\web\CController.php(265): CController->runActionWithFilters(Object(CInlineAction), Array)
#13 D:\Projects\PentaCode\BIS\yii\framework\web\CWebApplication.php(282): CController->run('login')
#14 D:\Projects\PentaCode\BIS\yii\framework\web\CWebApplication.php(141): CWebApplication->runController('site/login')
#15 D:\Projects\PentaCode\BIS\yii\framework\base\CApplication.php(180): CWebApplication->processRequest()
#16 D:\Projects\PentaCode\BIS\bis\index.php(13): CApplication->run()
#17 {main}
REQUEST_URI=/bis/index.php?r=site/login
HTTP_REFERER=http://localhost/bis/index.php?r=personalInfo/dashboard
---
2015/02/15 10:19:47 [error] [exception.CException] exception 'CException' with message 'CAssetManager.basePath "D:\Projects\PentaCode\BIS\bis\assets" is invalid. Please make sure the directory exists and is writable by the Web server process.' in D:\Projects\PentaCode\BIS\yii\framework\web\CAssetManager.php:138
Stack trace:
#0 D:\Projects\PentaCode\BIS\yii\framework\web\CAssetManager.php(123): CAssetManager->setBasePath('D:\Projects\Pen...')
#1 D:\Projects\PentaCode\BIS\yii\framework\web\CAssetManager.php(217): CAssetManager->getBasePath()
#2 D:\Projects\PentaCode\BIS\yii\framework\web\CClientScript.php(510): CAssetManager->publish('D:\Projects\Pen...')
#3 D:\Projects\PentaCode\BIS\yii\framework\web\CClientScript.php(547): CClientScript->getCoreScriptUrl()
#4 D:\Projects\PentaCode\BIS\yii\framework\web\CClientScript.php(348): CClientScript->getPackageBaseUrl('jquery')
#5 D:\Projects\PentaCode\BIS\yii\framework\web\CClientScript.php(208): CClientScript->renderCoreScripts()
#6 D:\Projects\PentaCode\BIS\yii\framework\web\CController.php(351): CClientScript->render('<!DOCTYPE html>...')
#7 D:\Projects\PentaCode\BIS\yii\framework\web\CController.php(788): CController->processOutput('<!DOCTYPE html>...')
#8 D:\Projects\PentaCode\BIS\bis\protected\controllers\SiteController.php(98): CController->render('login', Array)
#9 D:\Projects\PentaCode\BIS\yii\framework\web\actions\CInlineAction.php(49): SiteController->actionLogin()
#10 D:\Projects\PentaCode\BIS\yii\framework\web\CController.php(308): CInlineAction->runWithParams(Array)
#11 D:\Projects\PentaCode\BIS\yii\framework\web\CController.php(286): CController->runAction(Object(CInlineAction))
#12 D:\Projects\PentaCode\BIS\yii\framework\web\CController.php(265): CController->runActionWithFilters(Object(CInlineAction), Array)
#13 D:\Projects\PentaCode\BIS\yii\framework\web\CWebApplication.php(282): CController->run('login')
#14 D:\Projects\PentaCode\BIS\yii\framework\web\CWebApplication.php(141): CWebApplication->runController('site/login')
#15 D:\Projects\PentaCode\BIS\yii\framework\base\CApplication.php(180): CWebApplication->processRequest()
#16 D:\Projects\PentaCode\BIS\bis\index.php(13): CApplication->run()
#17 {main}
REQUEST_URI=/bis/index.php?r=site/login
HTTP_REFERER=http://localhost/bis/index.php?r=personalInfo/dashboard
---
2015/02/15 10:19:47 [error] [exception.CException] exception 'CException' with message 'CAssetManager.basePath "D:\Projects\PentaCode\BIS\bis\assets" is invalid. Please make sure the directory exists and is writable by the Web server process.' in D:\Projects\PentaCode\BIS\yii\framework\web\CAssetManager.php:138
Stack trace:
#0 D:\Projects\PentaCode\BIS\yii\framework\web\CAssetManager.php(123): CAssetManager->setBasePath('D:\Projects\Pen...')
#1 D:\Projects\PentaCode\BIS\yii\framework\web\CAssetManager.php(217): CAssetManager->getBasePath()
#2 D:\Projects\PentaCode\BIS\yii\framework\web\CClientScript.php(510): CAssetManager->publish('D:\Projects\Pen...')
#3 D:\Projects\PentaCode\BIS\yii\framework\web\CClientScript.php(547): CClientScript->getCoreScriptUrl()
#4 D:\Projects\PentaCode\BIS\yii\framework\web\CClientScript.php(348): CClientScript->getPackageBaseUrl('jquery')
#5 D:\Projects\PentaCode\BIS\yii\framework\web\CClientScript.php(208): CClientScript->renderCoreScripts()
#6 D:\Projects\PentaCode\BIS\yii\framework\web\CController.php(351): CClientScript->render('<!DOCTYPE html>...')
#7 D:\Projects\PentaCode\BIS\yii\framework\web\CController.php(788): CController->processOutput('<!DOCTYPE html>...')
#8 D:\Projects\PentaCode\BIS\bis\protected\controllers\SiteController.php(98): CController->render('login', Array)
#9 D:\Projects\PentaCode\BIS\yii\framework\web\actions\CInlineAction.php(49): SiteController->actionLogin()
#10 D:\Projects\PentaCode\BIS\yii\framework\web\CController.php(308): CInlineAction->runWithParams(Array)
#11 D:\Projects\PentaCode\BIS\yii\framework\web\CController.php(286): CController->runAction(Object(CInlineAction))
#12 D:\Projects\PentaCode\BIS\yii\framework\web\CController.php(265): CController->runActionWithFilters(Object(CInlineAction), Array)
#13 D:\Projects\PentaCode\BIS\yii\framework\web\CWebApplication.php(282): CController->run('login')
#14 D:\Projects\PentaCode\BIS\yii\framework\web\CWebApplication.php(141): CWebApplication->runController('site/login')
#15 D:\Projects\PentaCode\BIS\yii\framework\base\CApplication.php(180): CWebApplication->processRequest()
#16 D:\Projects\PentaCode\BIS\bis\index.php(13): CApplication->run()
#17 {main}
REQUEST_URI=/bis/index.php?r=site/login
HTTP_REFERER=http://localhost/bis/index.php?r=personalInfo/dashboard
---
